{"C:\\Users\\Admin\\Desktop\\react-testing-with-jest-material\\async-testing\\src\\App.jsx": {"path":"C:\\Users\\Admin\\Desktop\\react-testing-with-jest-material\\async-testing\\src\\App.jsx","statementMap":{"0":{"start":{"line":7,"column":28},"end":{"line":7,"column":39}},"1":{"start":{"line":9,"column":2},"end":{"line":32,"column":3}},"2":{"start":{"line":21,"column":31},"end":{"line":21,"column":61}},"3":{"start":{"line":21,"column":51},"end":{"line":21,"column":60}}},"fnMap":{"0":{"name":"App","decl":{"start":{"line":6,"column":9},"end":{"line":6,"column":12}},"loc":{"start":{"line":6,"column":15},"end":{"line":33,"column":1}},"line":6},"1":{"name":"(anonymous_1)","decl":{"start":{"line":21,"column":25},"end":{"line":21,"column":26}},"loc":{"start":{"line":21,"column":31},"end":{"line":21,"column":61}},"line":21},"2":{"name":"(anonymous_2)","decl":{"start":{"line":21,"column":40},"end":{"line":21,"column":41}},"loc":{"start":{"line":21,"column":51},"end":{"line":21,"column":60}},"line":21}},"branchMap":{},"s":{"0":1,"1":1,"2":0,"3":0},"f":{"0":1,"1":0,"2":0},"b":{},"_coverageSchema":"1a1c01bbd47fc00a2c39e90264f33305004495a9","hash":"d91fcd309196d7102b596cce0fd8015a3082e1d7"}
,"C:\\Users\\Admin\\Desktop\\react-testing-with-jest-material\\async-testing\\src\\AsyncComponent.jsx": {"path":"C:\\Users\\Admin\\Desktop\\react-testing-with-jest-material\\async-testing\\src\\AsyncComponent.jsx","statementMap":{"0":{"start":{"line":4,"column":23},"end":{"line":37,"column":1}},"1":{"start":{"line":5,"column":28},"end":{"line":5,"column":42}},"2":{"start":{"line":7,"column":20},"end":{"line":19,"column":5}},"3":{"start":{"line":8,"column":8},"end":{"line":18,"column":9}},"4":{"start":{"line":9,"column":29},"end":{"line":9,"column":73}},"5":{"start":{"line":10,"column":12},"end":{"line":10,"column":35}},"6":{"start":{"line":13,"column":12},"end":{"line":17,"column":13}},"7":{"start":{"line":14,"column":16},"end":{"line":14,"column":114}},"8":{"start":{"line":16,"column":16},"end":{"line":16,"column":87}},"9":{"start":{"line":21,"column":4},"end":{"line":23,"column":10}},"10":{"start":{"line":22,"column":8},"end":{"line":22,"column":18}},"11":{"start":{"line":25,"column":4},"end":{"line":27,"column":5}},"12":{"start":{"line":26,"column":8},"end":{"line":26,"column":65}},"13":{"start":{"line":29,"column":4},"end":{"line":32,"column":5}},"14":{"start":{"line":30,"column":22},"end":{"line":30,"column":109}},"15":{"start":{"line":30,"column":43},"end":{"line":30,"column":108}},"16":{"start":{"line":31,"column":8},"end":{"line":31,"column":31}},"17":{"start":{"line":34,"column":4},"end":{"line":36,"column":5}}},"fnMap":{"0":{"name":"(anonymous_0)","decl":{"start":{"line":4,"column":23},"end":{"line":4,"column":24}},"loc":{"start":{"line":4,"column":29},"end":{"line":37,"column":1}},"line":4},"1":{"name":"(anonymous_1)","decl":{"start":{"line":7,"column":20},"end":{"line":7,"column":21}},"loc":{"start":{"line":7,"column":39},"end":{"line":19,"column":5}},"line":7},"2":{"name":"(anonymous_2)","decl":{"start":{"line":21,"column":14},"end":{"line":21,"column":15}},"loc":{"start":{"line":21,"column":20},"end":{"line":23,"column":5}},"line":21},"3":{"name":"(anonymous_3)","decl":{"start":{"line":30,"column":31},"end":{"line":30,"column":32}},"loc":{"start":{"line":30,"column":43},"end":{"line":30,"column":108}},"line":30}},"branchMap":{"0":{"loc":{"start":{"line":13,"column":12},"end":{"line":17,"column":13}},"type":"if","locations":[{"start":{"line":13,"column":12},"end":{"line":17,"column":13}},{"start":{"line":15,"column":19},"end":{"line":17,"column":13}}],"line":13},"1":{"loc":{"start":{"line":25,"column":4},"end":{"line":27,"column":5}},"type":"if","locations":[{"start":{"line":25,"column":4},"end":{"line":27,"column":5}},{"start":{},"end":{}}],"line":25},"2":{"loc":{"start":{"line":29,"column":4},"end":{"line":32,"column":5}},"type":"if","locations":[{"start":{"line":29,"column":4},"end":{"line":32,"column":5}},{"start":{},"end":{}}],"line":29}},"s":{"0":1,"1":6,"2":6,"3":3,"4":3,"5":1,"6":2,"7":1,"8":1,"9":6,"10":3,"11":6,"12":3,"13":3,"14":1,"15":1,"16":1,"17":2},"f":{"0":6,"1":3,"2":3,"3":1},"b":{"0":[1,1],"1":[3,3],"2":[1,2]},"_coverageSchema":"1a1c01bbd47fc00a2c39e90264f33305004495a9","hash":"4a15d0ef92985a4cc0dd4e493edfea376d05b67a"}
}
