TN:
SF:src\App.jsx
FN:6,App
FN:21,(anonymous_1)
FN:21,(anonymous_2)
FNF:3
FNH:1
FNDA:1,App
FNDA:0,(anonymous_1)
FNDA:0,(anonymous_2)
DA:7,1
DA:9,1
DA:21,0
LF:3
LH:2
BRF:0
BRH:0
end_of_record
TN:
SF:src\AsyncComponent.jsx
FN:4,(anonymous_0)
FN:7,(anonymous_1)
FN:21,(anonymous_2)
FN:30,(anonymous_3)
FNF:4
FNH:4
FNDA:6,(anonymous_0)
FNDA:3,(anonymous_1)
FNDA:3,(anonymous_2)
FNDA:1,(anonymous_3)
DA:4,1
DA:5,6
DA:7,6
DA:8,3
DA:9,3
DA:10,1
DA:13,2
DA:14,1
DA:16,1
DA:21,6
DA:22,3
DA:25,6
DA:26,3
DA:29,3
DA:30,1
DA:31,1
DA:34,2
LF:17
LH:17
BRDA:13,0,0,1
BRDA:13,0,1,1
BRDA:25,1,0,3
BRDA:25,1,1,3
BRDA:29,2,0,1
BRDA:29,2,1,2
BRF:6
BRH:6
end_of_record
